#
# There is insufficient memory for the Java Runtime Environment to continue.
# Native memory allocation (malloc) failed to allocate 93136 bytes for Chunk::new
# Possible reasons:
#   The system is out of physical RAM or swap space
#   In 32 bit mode, the process size limit was hit
# Possible solutions:
#   Reduce memory load on the system
#   Increase physical memory or swap space
#   Check if swap backing store is full
#   Use 64 bit Java on a 64 bit OS
#   Decrease Java heap size (-Xmx/-Xms)
#   Decrease number of Java threads
#   Decrease Java thread stack sizes (-Xss)
#   Set larger code cache with -XX:ReservedCodeCacheSize=
# This output file may be truncated or incomplete.
#
#  Out of Memory Error (allocation.cpp:390), pid=20452, tid=0x0000000000005044
#
# JRE version: OpenJDK Runtime Environment (8.0_76-b03) (build 1.8.0_76-release-b03)
# Java VM: OpenJDK 64-Bit Server VM (25.76-b03 mixed mode windows-amd64 compressed oops)
# Failed to write core dump. Minidumps are not enabled by default on client versions of Windows
#

---------------  T H R E A D  ---------------

Current thread (0x000000001700a000):  JavaThread "C2 CompilerThread0" daemon [_thread_in_native, id=20548, stack(0x00000000177e0000,0x00000000178e0000)]

Stack: [0x00000000177e0000,0x00000000178e0000]
[error occurred during error reporting (printing stack bounds), id 0xc0000005]

Native frames: (J=compiled Java code, j=interpreted, Vv=VM code, C=native code)


Current CompileTask:
C2:   1244 1148       4       com.android.dx.rop.cst.CstBaseMethodRef::compareTo0 (29 bytes)


---------------  P R O C E S S  ---------------

Java Threads: ( => current thread )
  0x000000001708d800 JavaThread "Service Thread" daemon [_thread_blocked, id=21404, stack(0x0000000017be0000,0x0000000017ce0000)]
  0x000000001706d800 JavaThread "C1 CompilerThread3" daemon [_thread_blocked, id=20524, stack(0x0000000017ae0000,0x0000000017be0000)]
  0x00000000150fe000 JavaThread "C2 CompilerThread2" daemon [_thread_in_native, id=20584, stack(0x00000000179e0000,0x0000000017ae0000)]
  0x0000000017012800 JavaThread "C2 CompilerThread1" daemon [_thread_in_native, id=19568, stack(0x00000000178e0000,0x00000000179e0000)]
=>0x000000001700a000 JavaThread "C2 CompilerThread0" daemon [_thread_in_native, id=20548, stack(0x00000000177e0000,0x00000000178e0000)]
  0x0000000017008800 JavaThread "Attach Listener" daemon [_thread_blocked, id=21416, stack(0x00000000176e0000,0x00000000177e0000)]
  0x0000000017007800 JavaThread "Signal Dispatcher" daemon [_thread_blocked, id=20736, stack(0x00000000175e0000,0x00000000176e0000)]
  0x0000000017000800 JavaThread "Finalizer" daemon [_thread_blocked, id=19360, stack(0x00000000173e0000,0x00000000174e0000)]
  0x00000000150eb800 JavaThread "Reference Handler" daemon [_thread_blocked, id=20464, stack(0x0000000016ee0000,0x0000000016fe0000)]
  0x0000000000fd0800 JavaThread "main" [_thread_in_native, id=21068, stack(0x0000000000e90000,0x0000000000f90000)]

Other Threads:
  0x00000000150e5800 VMThread [stack: 0x0000000016de0000,0x0000000016ee0000] [id=21340]
  0x000000001708e000 WatcherThread [stack: 0x0000000017ce0000,0x0000000017de0000] [id=20908]

VM state:not at safepoint (normal execution)

VM Mutex/Monitor currently owned by a thread: None

Heap:
 PSYoungGen      total 57344K, used 42285K [0x00000000eab00000, 0x00000000eeb00000, 0x0000000100000000)
  eden space 49152K, 86% used [0x00000000eab00000,0x00000000ed44b448,0x00000000edb00000)
  from space 8192K, 0% used [0x00000000ee300000,0x00000000ee300000,0x00000000eeb00000)
  to   space 8192K, 0% used [0x00000000edb00000,0x00000000edb00000,0x00000000ee300000)
 ParOldGen       total 131072K, used 0K [0x00000000c0000000, 0x00000000c8000000, 0x00000000eab00000)
  object space 131072K, 0% used [0x00000000c0000000,0x00000000c0000000,0x00000000c8000000)
 Metaspace       used 5292K, capacity 6768K, committed 7040K, reserved 1056768K
  class space    used 518K, capacity 616K, committed 640K, reserved 1048576K

Card table byte_map: [0x00000000014a0000,0x00000000016b0000] byte_map_base: 0x0000000000ea0000

Marking Bits: (ParMarkBitMap*) 0x0000000055879d00
 Begin Bits: [0x0000000012500000, 0x0000000013500000)
 End Bits:   [0x0000000013500000, 0x0000000014500000)

Polling page: 0x0000000000f90000

CodeCache: size=245760Kb used=4683Kb max_used=4695Kb free=241076Kb
 bounds [0x0000000003400000, 0x00000000038a0000, 0x0000000012400000]
 total_blobs=1401 nmethods=1144 adapters=171
 compilation: enabled

Compilation events (10 events):
Event: 1.218 Thread 0x000000001706d800 1145       3       com.android.dx.rop.type.Prototype::compareTo (120 bytes)
Event: 1.218 Thread 0x000000001706d800 nmethod 1145 0x0000000003893110 code [0x0000000003893320, 0x00000000038941b8]
Event: 1.219 Thread 0x00000000150fe000 nmethod 1130 0x0000000003897c10 code [0x0000000003897d80, 0x0000000003898498]
Event: 1.219 Thread 0x00000000150fe000 1134       4       com.android.dx.cf.code.ValueAwareMachine::run (1142 bytes)
Event: 1.235 Thread 0x000000001700a000 nmethod 1131 0x0000000003898b50 code [0x0000000003899000, 0x0000000003899fd0]
Event: 1.235 Thread 0x000000001700a000 1146       4       com.android.dx.rop.cst.Constant::compareTo (9 bytes)
Event: 1.236 Thread 0x000000001700a000 nmethod 1146 0x0000000003894b90 code [0x0000000003894ce0, 0x0000000003894dd8]
Event: 1.236 Thread 0x000000001700a000 1147       4       com.android.dx.rop.cst.CstMemberRef::compareTo0 (49 bytes)
Event: 1.239 Thread 0x000000001700a000 nmethod 1147 0x0000000003895e10 code [0x0000000003895f60, 0x0000000003896318]
Event: 1.239 Thread 0x000000001700a000 1148       4       com.android.dx.rop.cst.CstBaseMethodRef::compareTo0 (29 bytes)

GC Heap History (0 events):
No events

Deoptimization events (10 events):
Event: 0.233 Thread 0x0000000000fd0800 Uncommon trap: reason=unstable_if action=reinterpret pc=0x000000000353ef54 method=java.lang.String.indexOf(II)I @ 49
Event: 0.687 Thread 0x0000000000fd0800 Uncommon trap: reason=unstable_if action=reinterpret pc=0x00000000035fab70 method=java.util.BitSet.nextSetBit(I)I @ 87
Event: 0.698 Thread 0x0000000000fd0800 Uncommon trap: reason=unloaded action=reinterpret pc=0x0000000003691354 method=com.android.dx.ssa.SsaRenamer$BlockRenamer.visitMoveInsn(Lcom/android/dx/ssa/NormalSsaInsn;)V @ 208
Event: 0.698 Thread 0x0000000000fd0800 Uncommon trap: reason=unstable_if action=reinterpret pc=0x000000000374d790 method=com.android.dx.ssa.NormalSsaInsn.getLocalAssignment()Lcom/android/dx/rop/code/RegisterSpec; @ 12
Event: 0.698 Thread 0x0000000000fd0800 Uncommon trap: reason=unstable_if action=reinterpret pc=0x000000000371f128 method=com.android.dx.ssa.NormalSsaInsn.getLocalAssignment()Lcom/android/dx/rop/code/RegisterSpec; @ 12
Event: 0.698 Thread 0x0000000000fd0800 Uncommon trap: reason=unstable_if action=reinterpret pc=0x0000000003707b30 method=com.android.dx.ssa.NormalSsaInsn.getLocalAssignment()Lcom/android/dx/rop/code/RegisterSpec; @ 12
Event: 1.091 Thread 0x0000000000fd0800 Uncommon trap: reason=class_check action=maybe_recompile pc=0x0000000003818d48 method=com.android.dx.ssa.NormalSsaInsn.accept(Lcom/android/dx/ssa/SsaInsn$Visitor;)V @ 9
Event: 1.092 Thread 0x0000000000fd0800 Uncommon trap: reason=class_check action=maybe_recompile pc=0x0000000003818d48 method=com.android.dx.ssa.NormalSsaInsn.accept(Lcom/android/dx/ssa/SsaInsn$Visitor;)V @ 9
Event: 1.096 Thread 0x0000000000fd0800 Uncommon trap: reason=class_check action=maybe_recompile pc=0x0000000003818d48 method=com.android.dx.ssa.NormalSsaInsn.accept(Lcom/android/dx/ssa/SsaInsn$Visitor;)V @ 9
Event: 1.096 Thread 0x0000000000fd0800 Uncommon trap: reason=class_check action=maybe_recompile pc=0x0000000003818d48 method=com.android.dx.ssa.NormalSsaInsn.accept(Lcom/android/dx/ssa/SsaInsn$Visitor;)V @ 9

Internal exceptions (2 events):
Event: 0.043 Thread 0x0000000000fd0800 Exception <a 'java/lang/NoSuchMethodError': Method sun.misc.Unsafe.defineClass(Ljava/lang/String;[BII)Ljava/lang/Class; name or signature does not match> (0x00000000eab07cc0) thrown at [C:\src\android\AOSP-openjdk\external\jetbrains\jdk\hotspot\src\share\v4‰≤YÈ÷•?
Event: 0.043 Thread 0x0000000000fd0800 Exception <a 'java/lang/NoSuchMethodError': Method sun.misc.Unsafe.prefetchRead(Ljava/lang/Object;J)V name or signature does not match> (0x00000000eab07fa8) thrown at [C:\src\android\AOSP-openjdk\external\jetbrains\jdk\hotspot\src\share\vm\prims\jni.cpp, l

Events (10 events):
Event: 1.115 Thread 0x0000000000fd0800 DEOPT PACKING pc=0x00000000036d36e1 sp=0x0000000000f8e0c0
Event: 1.115 Thread 0x0000000000fd0800 DEOPT UNPACKING pc=0x00000000034475bf sp=0x0000000000f8de30 mode 0
Event: 1.124 Thread 0x0000000000fd0800 DEOPT PACKING pc=0x00000000036d36e1 sp=0x0000000000f8e3f0
Event: 1.124 Thread 0x0000000000fd0800 DEOPT UNPACKING pc=0x00000000034475bf sp=0x0000000000f8e160 mode 0
Event: 1.126 Thread 0x0000000000fd0800 DEOPT PACKING pc=0x000000000385800d sp=0x0000000000f8e2e0
Event: 1.126 Thread 0x0000000000fd0800 DEOPT UNPACKING pc=0x00000000034475bf sp=0x0000000000f8dfe0 mode 0
Event: 1.127 Thread 0x0000000000fd0800 DEOPT PACKING pc=0x00000000037b0938 sp=0x0000000000f8e2a0
Event: 1.127 Thread 0x0000000000fd0800 DEOPT UNPACKING pc=0x00000000034475bf sp=0x0000000000f8dfc8 mode 0
Event: 1.153 Thread 0x0000000000fd0800 DEOPT PACKING pc=0x0000000003798c0c sp=0x0000000000f8e4b0
Event: 1.153 Thread 0x0000000000fd0800 DEOPT UNPACKING pc=0x00000000034475bf sp=0x0000000000f8e280 mode 0


Dynamic libraries:
0x00007ff6143b0000 - 0x00007ff6143e1000 	C:\Program Files\Android\Android Studio\jre\bin\java.exe
0x00007ff85c250000 - 0x00007ff85c421000 	C:\WINDOWS\SYSTEM32\ntdll.dll
0x00007ff859950000 - 0x00007ff8599fb000 	C:\WINDOWS\System32\KERNEL32.DLL
0x00007ff858d70000 - 0x00007ff858f8d000 	C:\WINDOWS\System32\KERNELBASE.dll
0x00007ff85b8f0000 - 0x00007ff85b992000 	C:\WINDOWS\System32\ADVAPI32.dll
0x00007ff85be10000 - 0x00007ff85beae000 	C:\WINDOWS\System32\msvcrt.dll
0x00007ff85a130000 - 0x00007ff85a189000 	C:\WINDOWS\System32\sechost.dll
0x00007ff85c120000 - 0x00007ff85c241000 	C:\WINDOWS\System32\RPCRT4.dll
0x00007ff8597e0000 - 0x00007ff859945000 	C:\WINDOWS\System32\USER32.dll
0x00007ff858a10000 - 0x00007ff858a2e000 	C:\WINDOWS\System32\win32u.dll
0x00007ff85b9a0000 - 0x00007ff85b9d4000 	C:\WINDOWS\System32\GDI32.dll
0x00007ff858a30000 - 0x00007ff858bb2000 	C:\WINDOWS\System32\gdi32full.dll
0x00007ff84faa0000 - 0x00007ff84fd19000 	C:\WINDOWS\WinSxS\amd64_microsoft.windows.common-controls_6595b64144ccf1df_6.0.14393.0_none_2d0f50fcbdb171b8\COMCTL32.dll
0x00007ff859ba0000 - 0x00007ff859e67000 	C:\WINDOWS\System32\combase.dll
0x00007ff858c70000 - 0x00007ff858d65000 	C:\WINDOWS\System32\ucrtbase.dll
0x00007ff859670000 - 0x00007ff8596da000 	C:\WINDOWS\System32\bcryptPrimitives.dll
0x00007ff85a0a0000 - 0x00007ff85a0ce000 	C:\WINDOWS\System32\IMM32.DLL
0x0000000055d90000 - 0x0000000055e62000 	C:\Program Files\Android\Android Studio\jre\jre\bin\msvcr100.dll
0x00000000550c0000 - 0x00000000558f4000 	C:\Program Files\Android\Android Studio\jre\jre\bin\server\jvm.dll
0x00007ff85a300000 - 0x00007ff85a308000 	C:\WINDOWS\System32\PSAPI.DLL
0x00007ff853660000 - 0x00007ff853669000 	C:\WINDOWS\SYSTEM32\WSOCK32.dll
0x00007ff85b820000 - 0x00007ff85b88a000 	C:\WINDOWS\System32\WS2_32.dll
0x00007ff8568b0000 - 0x00007ff8568d3000 	C:\WINDOWS\SYSTEM32\WINMM.dll
0x00007ff8530f0000 - 0x00007ff8530fa000 	C:\WINDOWS\SYSTEM32\VERSION.dll
0x00007ff856880000 - 0x00007ff8568ab000 	C:\WINDOWS\SYSTEM32\WINMMBASE.dll
0x00007ff858740000 - 0x00007ff858782000 	C:\WINDOWS\System32\cfgmgr32.dll
0x00007ff8544a0000 - 0x00007ff8544af000 	C:\Program Files\Android\Android Studio\jre\jre\bin\verify.dll
0x00007ff850b50000 - 0x00007ff850b79000 	C:\Program Files\Android\Android Studio\jre\jre\bin\java.dll
0x00007ff850c20000 - 0x00007ff850c36000 	C:\Program Files\Android\Android Studio\jre\jre\bin\zip.dll
0x00007ff85a310000 - 0x00007ff85b818000 	C:\WINDOWS\System32\SHELL32.dll
0x00007ff858f90000 - 0x00007ff85966a000 	C:\WINDOWS\System32\windows.storage.dll
0x00007ff8586e0000 - 0x00007ff85872c000 	C:\WINDOWS\System32\powrprof.dll
0x00007ff859a00000 - 0x00007ff859a52000 	C:\WINDOWS\System32\shlwapi.dll
0x00007ff8586b0000 - 0x00007ff8586bf000 	C:\WINDOWS\System32\kernel.appcore.dll
0x00007ff858bc0000 - 0x00007ff858c69000 	C:\WINDOWS\System32\shcore.dll
0x00007ff8586c0000 - 0x00007ff8586d4000 	C:\WINDOWS\System32\profapi.dll

VM Arguments:
jvm_args: -Djava.awt.headless=true -Xmx1024M -Dfile.encoding=windows-1250 -Duser.country=PL -Duser.language=pl -Duser.variant 
java_command: com.android.dx.command.Main --dex --force-jumbo --multi-dex --output D:\android_project\SocialFoodApp\app\build\intermediates\transforms\dex\debug\folders\1000\5\slice_5 D:\android_project\SocialFoodApp\app\build\intermediates\transforms\instantRunSlicer\debug\folders\1\5\slice_5
java_class_path (initial): C:\Users\Hackathon\AppData\Local\Android\sdk\build-tools\21.1.2\lib\dx.jar
Launcher Type: SUN_STANDARD

Environment Variables:
PATH=C:\Program Files\Teradata\Client\15.00\bin;C:\Program Files (x86)\Teradata\Client\15.00\bin;C:\Program Files\Teradata\Client\15.00\bin\;C:\Program Files (x86)\Teradata\Client\15.00\bin\;C:\ProgramData\Oracle\Java\javapath;C:\WINDOWS\system32;C:\WINDOWS;C:\WINDOWS\System32\Wbem;C:\WINDOWS\System32\WindowsPowerShell\v1.0\;C:\Program Files\Common Files\Autodesk Shared\;C:\Program Files (x86)\Autodesk\Backburner\;C:\Program Files (x86)\NVIDIA Corporation\PhysX\Common;C:\Users\Hackathon\AppData\Local\Microsoft\WindowsApps;
USERNAME=Hackathon
OS=Windows_NT
PROCESSOR_IDENTIFIER=Intel64 Family 6 Model 60 Stepping 3, GenuineIntel



---------------  S Y S T E M  ---------------

OS: Windows 10.0 , 64 bit Build 14393 (10.0.14393.0)

CPU:total 8 (4 cores per cpu, 2 threads per core) family 6 model 60 stepping 3, cmov, cx8, fxsr, mmx, sse, sse2, sse3, ssse3, sse4.1, sse4.2, popcnt, avx, avx2, aes, clmul, erms, lzcnt, ht, tsc, tscinvbit, bmi1, bmi2

Memory: 4k page, physical 12463188k(2260284k free), swap 18349788k(4128k free)

vm_info: OpenJDK 64-Bit Server VM (25.76-b03) for windows-amd64 JRE (1.8.0_76-release-b03), built on Jun 29 2016 19:09:20 by "ralucas" with MS VC++ 10.0 (VS2010)

time: Sun Sep 25 09:06:36 2016
elapsed time: 1 seconds (0d 0h 0m 1s)

