#
# There is insufficient memory for the Java Runtime Environment to continue.
# Native memory allocation (malloc) failed to allocate 117280 bytes for Chunk::new
# Possible reasons:
#   The system is out of physical RAM or swap space
#   In 32 bit mode, the process size limit was hit
# Possible solutions:
#   Reduce memory load on the system
#   Increase physical memory or swap space
#   Check if swap backing store is full
#   Use 64 bit Java on a 64 bit OS
#   Decrease Java heap size (-Xmx/-Xms)
#   Decrease number of Java threads
#   Decrease Java thread stack sizes (-Xss)
#   Set larger code cache with -XX:ReservedCodeCacheSize=
# This output file may be truncated or incomplete.
#
#  Out of Memory Error (allocation.cpp:390), pid=13512, tid=0x0000000000004784
#
# JRE version: OpenJDK Runtime Environment (8.0_76-b03) (build 1.8.0_76-release-b03)
# Java VM: OpenJDK 64-Bit Server VM (25.76-b03 mixed mode windows-amd64 compressed oops)
# Failed to write core dump. Minidumps are not enabled by default on client versions of Windows
#

---------------  T H R E A D  ---------------

Current thread (0x000000001740c800):  JavaThread "C2 CompilerThread1" daemon [_thread_in_native, id=18308, stack(0x0000000017ce0000,0x0000000017de0000)]

Stack: [0x0000000017ce0000,0x0000000017de0000]
[error occurred during error reporting (printing stack bounds), id 0xc0000005]

Native frames: (J=compiled Java code, j=interpreted, Vv=VM code, C=native code)


Current CompileTask:
C2:    639  644       4       com.android.dx.ssa.SsaBasicBlock::forEachInsn (37 bytes)


---------------  P R O C E S S  ---------------

Java Threads: ( => current thread )
  0x000000001747b800 JavaThread "Service Thread" daemon [_thread_blocked, id=17484, stack(0x0000000017fe0000,0x00000000180e0000)]
  0x00000000154fe800 JavaThread "C1 CompilerThread3" daemon [_thread_in_native, id=4992, stack(0x0000000017ee0000,0x0000000017fe0000)]
  0x00000000154fc800 JavaThread "C2 CompilerThread2" daemon [_thread_in_native, id=3544, stack(0x0000000017de0000,0x0000000017ee0000)]
=>0x000000001740c800 JavaThread "C2 CompilerThread1" daemon [_thread_in_native, id=18308, stack(0x0000000017ce0000,0x0000000017de0000)]
  0x0000000017406800 JavaThread "C2 CompilerThread0" daemon [_thread_in_native, id=13712, stack(0x0000000017be0000,0x0000000017ce0000)]
  0x0000000017416000 JavaThread "Attach Listener" daemon [_thread_blocked, id=12884, stack(0x0000000017ae0000,0x0000000017be0000)]
  0x0000000017415000 JavaThread "Signal Dispatcher" daemon [_thread_blocked, id=15312, stack(0x00000000179e0000,0x0000000017ae0000)]
  0x0000000017400800 JavaThread "Finalizer" daemon [_thread_blocked, id=17604, stack(0x00000000177e0000,0x00000000178e0000)]
  0x0000000001575000 JavaThread "Reference Handler" daemon [_thread_blocked, id=23916, stack(0x00000000172e0000,0x00000000173e0000)]
  0x0000000001480800 JavaThread "main" [_thread_in_vm, id=26156, stack(0x0000000001380000,0x0000000001480000)]

Other Threads:
  0x00000000154e6000 VMThread [stack: 0x00000000171e0000,0x00000000172e0000] [id=17848]
  0x000000001747c800 WatcherThread [stack: 0x00000000180e0000,0x00000000181e0000] [id=18244]

VM state:not at safepoint (normal execution)

VM Mutex/Monitor currently owned by a thread: None

Heap:
 PSYoungGen      total 57344K, used 11817K [0x00000000eab00000, 0x00000000eeb00000, 0x0000000100000000)
  eden space 49152K, 24% used [0x00000000eab00000,0x00000000eb68a5e0,0x00000000edb00000)
  from space 8192K, 0% used [0x00000000ee300000,0x00000000ee300000,0x00000000eeb00000)
  to   space 8192K, 0% used [0x00000000edb00000,0x00000000edb00000,0x00000000ee300000)
 ParOldGen       total 131072K, used 0K [0x00000000c0000000, 0x00000000c8000000, 0x00000000eab00000)
  object space 131072K, 0% used [0x00000000c0000000,0x00000000c0000000,0x00000000c8000000)
 Metaspace       used 5267K, capacity 6576K, committed 6784K, reserved 1056768K
  class space    used 533K, capacity 616K, committed 640K, reserved 1048576K

Card table byte_map: [0x0000000001940000,0x0000000001b50000] byte_map_base: 0x0000000001340000

Marking Bits: (ParMarkBitMap*) 0x0000000055879d00
 Begin Bits: [0x0000000012900000, 0x0000000013900000)
 End Bits:   [0x0000000013900000, 0x0000000014900000)

Polling page: 0x0000000000f90000

CodeCache: size=245760Kb used=2905Kb max_used=2905Kb free=242854Kb
 bounds [0x0000000003400000, 0x00000000036e0000, 0x0000000012400000]
 total_blobs=938 nmethods=674 adapters=178
 compilation: enabled

Compilation events (10 events):
Event: 0.632 Thread 0x00000000154fe800 nmethod 672 0x00000000036c9690 code [0x00000000036c97e0, 0x00000000036c99d0]
Event: 0.632 Thread 0x00000000154fe800  678       3       com.android.dx.ssa.Dominators::compress (229 bytes)
Event: 0.634 Thread 0x00000000154fe800 nmethod 678 0x00000000036c9a50 code [0x00000000036c9dc0, 0x00000000036cbce8]
Event: 0.634 Thread 0x00000000154fe800  662       3       com.android.dx.ssa.back.FirstFitLocalCombiningAllocator::getParameterIndexForReg (55 bytes)
Event: 0.634 Thread 0x00000000154fe800 nmethod 662 0x00000000036cd690 code [0x00000000036cd840, 0x00000000036ce128]
Event: 0.634 Thread 0x00000000154fe800  657       3       com.android.dx.ssa.SCCP::setLatticeValueTo (67 bytes)
Event: 0.635 Thread 0x00000000154fe800 nmethod 657 0x00000000036ce350 code [0x00000000036ce500, 0x00000000036cea68]
Event: 0.635 Thread 0x00000000154fe800  664       3       com.android.dx.ssa.back.SsaToRop::convertBasicBlock (126 bytes)
Event: 0.636 Thread 0x00000000154fe800 nmethod 664 0x00000000036cedd0 code [0x00000000036cf100, 0x00000000036d0e58]
Event: 0.636 Thread 0x00000000154fe800  682       3       com.android.dx.rop.code.LocalVariableExtractor::processBlock (327 bytes)

GC Heap History (0 events):
No events

Deoptimization events (5 events):
Event: 0.514 Thread 0x0000000001480800 Uncommon trap: reason=unstable_if action=reinterpret pc=0x00000000035e9d24 method=java.util.HashMap.getNode(ILjava/lang/Object;)Ljava/util/HashMap$Node; @ 129
Event: 0.612 Thread 0x0000000001480800 Uncommon trap: reason=class_check action=maybe_recompile pc=0x000000000364f5b0 method=com.android.dx.ssa.NormalSsaInsn.accept(Lcom/android/dx/ssa/SsaInsn$Visitor;)V @ 9
Event: 0.612 Thread 0x0000000001480800 Uncommon trap: reason=class_check action=maybe_recompile pc=0x000000000364f5b0 method=com.android.dx.ssa.NormalSsaInsn.accept(Lcom/android/dx/ssa/SsaInsn$Visitor;)V @ 9
Event: 0.612 Thread 0x0000000001480800 Uncommon trap: reason=class_check action=maybe_recompile pc=0x000000000364f5b0 method=com.android.dx.ssa.NormalSsaInsn.accept(Lcom/android/dx/ssa/SsaInsn$Visitor;)V @ 9
Event: 0.625 Thread 0x0000000001480800 Uncommon trap: reason=class_check action=maybe_recompile pc=0x000000000364f5b0 method=com.android.dx.ssa.NormalSsaInsn.accept(Lcom/android/dx/ssa/SsaInsn$Visitor;)V @ 9

Internal exceptions (2 events):
Event: 0.088 Thread 0x0000000001480800 Exception <a 'java/lang/NoSuchMethodError': Method sun.misc.Unsafe.defineClass(Ljava/lang/String;[BII)Ljava/lang/Class; name or signature does not match> (0x00000000eab07cc0) thrown at [C:\src\android\AOSP-openjdk\external\jetbrains\jdk\hotspot\src\share\v@sØœû’¶?
Event: 0.088 Thread 0x0000000001480800 Exception <a 'java/lang/NoSuchMethodError': Method sun.misc.Unsafe.prefetchRead(Ljava/lang/Object;J)V name or signature does not match> (0x00000000eab07fa8) thrown at [C:\src\android\AOSP-openjdk\external\jetbrains\jdk\hotspot\src\share\vm\prims\jni.cpp, l

Events (10 events):
Event: 0.612 Thread 0x0000000001480800 DEOPT UNPACKING pc=0x000000000344556a sp=0x000000000147e380 mode 2
Event: 0.612 Thread 0x0000000001480800 Uncommon trap: trap_request=0xffffffde fr.pc=0x000000000364f5b0
Event: 0.612 Thread 0x0000000001480800 DEOPT PACKING pc=0x000000000364f5b0 sp=0x000000000147e3f0
Event: 0.612 Thread 0x0000000001480800 DEOPT UNPACKING pc=0x000000000344556a sp=0x000000000147e380 mode 2
Event: 0.612 Thread 0x0000000001480800 Uncommon trap: trap_request=0xffffffde fr.pc=0x000000000364f5b0
Event: 0.612 Thread 0x0000000001480800 DEOPT PACKING pc=0x000000000364f5b0 sp=0x000000000147e3f0
Event: 0.612 Thread 0x0000000001480800 DEOPT UNPACKING pc=0x000000000344556a sp=0x000000000147e380 mode 2
Event: 0.625 Thread 0x0000000001480800 Uncommon trap: trap_request=0xffffffde fr.pc=0x000000000364f5b0
Event: 0.625 Thread 0x0000000001480800 DEOPT PACKING pc=0x000000000364f5b0 sp=0x000000000147e3f0
Event: 0.625 Thread 0x0000000001480800 DEOPT UNPACKING pc=0x000000000344556a sp=0x000000000147e380 mode 2


Dynamic libraries:
0x00007ff6143b0000 - 0x00007ff6143e1000 	C:\Program Files\Android\Android Studio\jre\bin\java.exe
0x00007ff85c250000 - 0x00007ff85c421000 	C:\WINDOWS\SYSTEM32\ntdll.dll
0x00007ff859950000 - 0x00007ff8599fb000 	C:\WINDOWS\System32\KERNEL32.DLL
0x00007ff858d70000 - 0x00007ff858f8d000 	C:\WINDOWS\System32\KERNELBASE.dll
0x00007ff85b8f0000 - 0x00007ff85b992000 	C:\WINDOWS\System32\ADVAPI32.dll
0x00007ff85be10000 - 0x00007ff85beae000 	C:\WINDOWS\System32\msvcrt.dll
0x00007ff85a130000 - 0x00007ff85a189000 	C:\WINDOWS\System32\sechost.dll
0x00007ff85c120000 - 0x00007ff85c241000 	C:\WINDOWS\System32\RPCRT4.dll
0x00007ff8597e0000 - 0x00007ff859945000 	C:\WINDOWS\System32\USER32.dll
0x00007ff858a10000 - 0x00007ff858a2e000 	C:\WINDOWS\System32\win32u.dll
0x00007ff85b9a0000 - 0x00007ff85b9d4000 	C:\WINDOWS\System32\GDI32.dll
0x00007ff858a30000 - 0x00007ff858bb2000 	C:\WINDOWS\System32\gdi32full.dll
0x00007ff84faa0000 - 0x00007ff84fd19000 	C:\WINDOWS\WinSxS\amd64_microsoft.windows.common-controls_6595b64144ccf1df_6.0.14393.0_none_2d0f50fcbdb171b8\COMCTL32.dll
0x00007ff859ba0000 - 0x00007ff859e67000 	C:\WINDOWS\System32\combase.dll
0x00007ff858c70000 - 0x00007ff858d65000 	C:\WINDOWS\System32\ucrtbase.dll
0x00007ff859670000 - 0x00007ff8596da000 	C:\WINDOWS\System32\bcryptPrimitives.dll
0x00007ff85a0a0000 - 0x00007ff85a0ce000 	C:\WINDOWS\System32\IMM32.DLL
0x0000000055d90000 - 0x0000000055e62000 	C:\Program Files\Android\Android Studio\jre\jre\bin\msvcr100.dll
0x00000000550c0000 - 0x00000000558f4000 	C:\Program Files\Android\Android Studio\jre\jre\bin\server\jvm.dll
0x00007ff85a300000 - 0x00007ff85a308000 	C:\WINDOWS\System32\PSAPI.DLL
0x00007ff8568b0000 - 0x00007ff8568d3000 	C:\WINDOWS\SYSTEM32\WINMM.dll
0x00007ff853660000 - 0x00007ff853669000 	C:\WINDOWS\SYSTEM32\WSOCK32.dll
0x00007ff8530f0000 - 0x00007ff8530fa000 	C:\WINDOWS\SYSTEM32\VERSION.dll
0x00007ff85b820000 - 0x00007ff85b88a000 	C:\WINDOWS\System32\WS2_32.dll
0x00007ff856880000 - 0x00007ff8568ab000 	C:\WINDOWS\SYSTEM32\WINMMBASE.dll
0x00007ff858740000 - 0x00007ff858782000 	C:\WINDOWS\System32\cfgmgr32.dll
0x00007ff8544a0000 - 0x00007ff8544af000 	C:\Program Files\Android\Android Studio\jre\jre\bin\verify.dll
0x00007ff850b50000 - 0x00007ff850b79000 	C:\Program Files\Android\Android Studio\jre\jre\bin\java.dll
0x00007ff850c20000 - 0x00007ff850c36000 	C:\Program Files\Android\Android Studio\jre\jre\bin\zip.dll
0x00007ff85a310000 - 0x00007ff85b818000 	C:\WINDOWS\System32\SHELL32.dll
0x00007ff858f90000 - 0x00007ff85966a000 	C:\WINDOWS\System32\windows.storage.dll
0x00007ff8586e0000 - 0x00007ff85872c000 	C:\WINDOWS\System32\powrprof.dll
0x00007ff859a00000 - 0x00007ff859a52000 	C:\WINDOWS\System32\shlwapi.dll
0x00007ff8586b0000 - 0x00007ff8586bf000 	C:\WINDOWS\System32\kernel.appcore.dll
0x00007ff858bc0000 - 0x00007ff858c69000 	C:\WINDOWS\System32\shcore.dll
0x00007ff8586c0000 - 0x00007ff8586d4000 	C:\WINDOWS\System32\profapi.dll

VM Arguments:
jvm_args: -Djava.awt.headless=true -Xmx1024M -Dfile.encoding=windows-1250 -Duser.country=PL -Duser.language=pl -Duser.variant 
java_command: com.android.dx.command.Main --dex --force-jumbo --multi-dex --output D:\android_project\SocialFoodApp\app\build\intermediates\transforms\dex\debug\folders\1000\2\android-async-http-1.4.4_cf2362a30861a6a57b5b130e00aca3470e021c29 D:\android_project\SocialFoodApp\app\libs\android-async-http-1.4.4.jar
java_class_path (initial): C:\Users\Hackathon\AppData\Local\Android\sdk\build-tools\21.1.2\lib\dx.jar
Launcher Type: SUN_STANDARD

Environment Variables:
PATH=C:\Program Files\Teradata\Client\15.00\bin;C:\Program Files (x86)\Teradata\Client\15.00\bin;C:\Program Files\Teradata\Client\15.00\bin\;C:\Program Files (x86)\Teradata\Client\15.00\bin\;C:\ProgramData\Oracle\Java\javapath;C:\WINDOWS\system32;C:\WINDOWS;C:\WINDOWS\System32\Wbem;C:\WINDOWS\System32\WindowsPowerShell\v1.0\;C:\Program Files\Common Files\Autodesk Shared\;C:\Program Files (x86)\Autodesk\Backburner\;C:\Program Files (x86)\NVIDIA Corporation\PhysX\Common;C:\Users\Hackathon\AppData\Local\Microsoft\WindowsApps;
USERNAME=Hackathon
OS=Windows_NT
PROCESSOR_IDENTIFIER=Intel64 Family 6 Model 60 Stepping 3, GenuineIntel



---------------  S Y S T E M  ---------------

OS: Windows 10.0 , 64 bit Build 14393 (10.0.14393.0)

CPU:total 8 (4 cores per cpu, 2 threads per core) family 6 model 60 stepping 3, cmov, cx8, fxsr, mmx, sse, sse2, sse3, ssse3, sse4.1, sse4.2, popcnt, avx, avx2, aes, clmul, erms, lzcnt, ht, tsc, tscinvbit, bmi1, bmi2

Memory: 4k page, physical 12463188k(2711280k free), swap 18349788k(5128k free)

vm_info: OpenJDK 64-Bit Server VM (25.76-b03) for windows-amd64 JRE (1.8.0_76-release-b03), built on Jun 29 2016 19:09:20 by "ralucas" with MS VC++ 10.0 (VS2010)

time: Sun Sep 25 09:09:15 2016
elapsed time: 0 seconds (0d 0h 0m 0s)

