#
# There is insufficient memory for the Java Runtime Environment to continue.
# Native memory allocation (malloc) failed to allocate 387760 bytes for Chunk::new
# Possible reasons:
#   The system is out of physical RAM or swap space
#   In 32 bit mode, the process size limit was hit
# Possible solutions:
#   Reduce memory load on the system
#   Increase physical memory or swap space
#   Check if swap backing store is full
#   Use 64 bit Java on a 64 bit OS
#   Decrease Java heap size (-Xmx/-Xms)
#   Decrease number of Java threads
#   Decrease Java thread stack sizes (-Xss)
#   Set larger code cache with -XX:ReservedCodeCacheSize=
# This output file may be truncated or incomplete.
#
#  Out of Memory Error (allocation.cpp:390), pid=18144, tid=0x00000000000031dc
#
# JRE version: OpenJDK Runtime Environment (8.0_76-b03) (build 1.8.0_76-release-b03)
# Java VM: OpenJDK 64-Bit Server VM (25.76-b03 mixed mode windows-amd64 compressed oops)
# Failed to write core dump. Minidumps are not enabled by default on client versions of Windows
#

---------------  T H R E A D  ---------------

Current thread (0x00000000172db800):  JavaThread "C2 CompilerThread0" daemon [_thread_in_native, id=12764, stack(0x0000000017ab0000,0x0000000017bb0000)]

Stack: [0x0000000017ab0000,0x0000000017bb0000]
[error occurred during error reporting (printing stack bounds), id 0xc0000005]

Native frames: (J=compiled Java code, j=interpreted, Vv=VM code, C=native code)


Current CompileTask:
C2:   1855 1613       4       com.android.dx.ssa.SsaMethod::forEachBlockDepthFirst (194 bytes)


---------------  P R O C E S S  ---------------

Java Threads: ( => current thread )
  0x000000001737d000 JavaThread "Service Thread" daemon [_thread_blocked, id=18092, stack(0x0000000017eb0000,0x0000000017fb0000)]
  0x0000000017349000 JavaThread "C1 CompilerThread3" daemon [_thread_blocked, id=10548, stack(0x0000000017db0000,0x0000000017eb0000)]
  0x00000000153fd800 JavaThread "C2 CompilerThread2" daemon [_thread_in_native, id=3228, stack(0x0000000017cb0000,0x0000000017db0000)]
  0x00000000172e2000 JavaThread "C2 CompilerThread1" daemon [_thread_in_native, id=18320, stack(0x0000000017bb0000,0x0000000017cb0000)]
=>0x00000000172db800 JavaThread "C2 CompilerThread0" daemon [_thread_in_native, id=12764, stack(0x0000000017ab0000,0x0000000017bb0000)]
  0x00000000172d8800 JavaThread "Attach Listener" daemon [_thread_blocked, id=26152, stack(0x00000000179b0000,0x0000000017ab0000)]
  0x00000000172d7800 JavaThread "Signal Dispatcher" daemon [_thread_blocked, id=12944, stack(0x00000000178b0000,0x00000000179b0000)]
  0x00000000172d0800 JavaThread "Finalizer" daemon [_thread_blocked, id=26516, stack(0x00000000176b0000,0x00000000177b0000)]
  0x00000000153eb800 JavaThread "Reference Handler" daemon [_thread_blocked, id=24792, stack(0x00000000171b0000,0x00000000172b0000)]
  0x00000000012f0800 JavaThread "main" [_thread_in_Java, id=25936, stack(0x00000000011f0000,0x00000000012f0000)]

Other Threads:
  0x00000000153e5800 VMThread [stack: 0x00000000170b0000,0x00000000171b0000] [id=26012]
  0x000000001737e000 WatcherThread [stack: 0x0000000017fb0000,0x00000000180b0000] [id=19388]

VM state:not at safepoint (normal execution)

VM Mutex/Monitor currently owned by a thread: None

Heap:
 PSYoungGen      total 57344K, used 19227K [0x00000000eab00000, 0x00000000f1b00000, 0x0000000100000000)
  eden space 49152K, 22% used [0x00000000eab00000,0x00000000eb5cd7c8,0x00000000edb00000)
  from space 8192K, 99% used [0x00000000ee300000,0x00000000eeaf9758,0x00000000eeb00000)
  to   space 8192K, 0% used [0x00000000edb00000,0x00000000edb00000,0x00000000ee300000)
 ParOldGen       total 131072K, used 6622K [0x00000000c0000000, 0x00000000c8000000, 0x00000000eab00000)
  object space 131072K, 5% used [0x00000000c0000000,0x00000000c0677ae0,0x00000000c8000000)
 Metaspace       used 5860K, capacity 7088K, committed 7296K, reserved 1056768K
  class space    used 541K, capacity 616K, committed 640K, reserved 1048576K

Card table byte_map: [0x00000000017b0000,0x00000000019c0000] byte_map_base: 0x00000000011b0000

Marking Bits: (ParMarkBitMap*) 0x0000000055879d00
 Begin Bits: [0x0000000012800000, 0x0000000013800000)
 End Bits:   [0x0000000013800000, 0x0000000014800000)

Polling page: 0x0000000000d60000

CodeCache: size=245760Kb used=6826Kb max_used=6826Kb free=238933Kb
 bounds [0x0000000003400000, 0x0000000003ab0000, 0x0000000012400000]
 total_blobs=1903 nmethods=1636 adapters=178
 compilation: enabled

Compilation events (10 events):
Event: 1.815 Thread 0x0000000017349000 1664   !   2       com.android.dx.cf.direct.MemberListParser::parse (641 bytes)
Event: 1.819 Thread 0x0000000017349000 nmethod 1664 0x0000000003a9fb50 code [0x0000000003aa02a0, 0x0000000003aa2e98]
Event: 1.829 Thread 0x0000000017349000 1665       2       com.android.dx.rop.cst.CstString::stringToUtf8Bytes (175 bytes)
Event: 1.829 Thread 0x0000000017349000 nmethod 1665 0x0000000003aa8c50 code [0x0000000003aa8de0, 0x0000000003aa9318]
Event: 1.830 Thread 0x0000000017349000 1666       1       com.android.dx.cf.attrib.InnerClassList$Item::getInnerName (5 bytes)
Event: 1.830 Thread 0x0000000017349000 nmethod 1666 0x0000000003a8f8d0 code [0x0000000003a8fa20, 0x0000000003a8fb30]
Event: 1.830 Thread 0x0000000017349000 1667       1       com.android.dx.cf.attrib.InnerClassList$Item::getAccessFlags (5 bytes)
Event: 1.830 Thread 0x0000000017349000 nmethod 1667 0x0000000003a91390 code [0x0000000003a914e0, 0x0000000003a915f0]
Event: 1.846 Thread 0x0000000017349000 1670       2       java.util.TreeMap$Values::size (8 bytes)
Event: 1.847 Thread 0x0000000017349000 nmethod 1670 0x0000000003a91050 code [0x0000000003a911a0, 0x0000000003a912f0]

GC Heap History (4 events):
Event: 1.418 GC heap before
{Heap before GC invocations=1 (full 0):
 PSYoungGen      total 57344K, used 49152K [0x00000000eab00000, 0x00000000eeb00000, 0x0000000100000000)
  eden space 49152K, 100% used [0x00000000eab00000,0x00000000edb00000,0x00000000edb00000)
  from space 8192K, 0% used [0x00000000ee300000,0x00000000ee300000,0x00000000eeb00000)
  to   space 8192K, 0% used [0x00000000edb00000,0x00000000edb00000,0x00000000ee300000)
 ParOldGen       total 131072K, used 0K [0x00000000c0000000, 0x00000000c8000000, 0x00000000eab00000)
  object space 131072K, 0% used [0x00000000c0000000,0x00000000c0000000,0x00000000c8000000)
 Metaspace       used 5789K, capacity 7024K, committed 7296K, reserved 1056768K
  class space    used 541K, capacity 616K, committed 640K, reserved 1048576K
Event: 1.429 GC heap after
Heap after GC invocations=1 (full 0):
 PSYoungGen      total 57344K, used 8175K [0x00000000eab00000, 0x00000000eeb00000, 0x0000000100000000)
  eden space 49152K, 0% used [0x00000000eab00000,0x00000000eab00000,0x00000000edb00000)
  from space 8192K, 99% used [0x00000000edb00000,0x00000000ee2fbc50,0x00000000ee300000)
  to   space 8192K, 0% used [0x00000000ee300000,0x00000000ee300000,0x00000000eeb00000)
 ParOldGen       total 131072K, used 1218K [0x00000000c0000000, 0x00000000c8000000, 0x00000000eab00000)
  object space 131072K, 0% used [0x00000000c0000000,0x00000000c0130ba0,0x00000000c8000000)
 Metaspace       used 5789K, capacity 7024K, committed 7296K, reserved 1056768K
  class space    used 541K, capacity 616K, committed 640K, reserved 1048576K
}
Event: 1.785 GC heap before
{Heap before GC invocations=2 (full 0):
 PSYoungGen      total 57344K, used 57327K [0x00000000eab00000, 0x00000000eeb00000, 0x0000000100000000)
  eden space 49152K, 100% used [0x00000000eab00000,0x00000000edb00000,0x00000000edb00000)
  from space 8192K, 99% used [0x00000000edb00000,0x00000000ee2fbc50,0x00000000ee300000)
  to   space 8192K, 0% used [0x00000000ee300000,0x00000000ee300000,0x00000000eeb00000)
 ParOldGen       total 131072K, used 1218K [0x00000000c0000000, 0x00000000c8000000, 0x00000000eab00000)
  object space 131072K, 0% used [0x00000000c0000000,0x00000000c0130ba0,0x00000000c8000000)
 Metaspace       used 5855K, capacity 7088K, committed 7296K, reserved 1056768K
  class space    used 541K, capacity 616K, committed 640K, reserved 1048576K
Event: 1.798 GC heap after
Heap after GC invocations=2 (full 0):
 PSYoungGen      total 57344K, used 8165K [0x00000000eab00000, 0x00000000f1b00000, 0x0000000100000000)
  eden space 49152K, 0% used [0x00000000eab00000,0x00000000eab00000,0x00000000edb00000)
  from space 8192K, 99% used [0x00000000ee300000,0x00000000eeaf9758,0x00000000eeb00000)
  to   space 8192K, 0% used [0x00000000edb00000,0x00000000edb00000,0x00000000ee300000)
 ParOldGen       total 131072K, used 6622K [0x00000000c0000000, 0x00000000c8000000, 0x00000000eab00000)
  object space 131072K, 5% used [0x00000000c0000000,0x00000000c0677ae0,0x00000000c8000000)
 Metaspace       used 5855K, capacity 7088K, committed 7296K, reserved 1056768K
  class space    used 541K, capacity 616K, committed 640K, reserved 1048576K
}

Deoptimization events (10 events):
Event: 1.438 Thread 0x00000000012f0800 Uncommon trap: reason=bimorphic action=maybe_recompile pc=0x000000000368b604 method=java.util.HashMap.getNode(ILjava/lang/Object;)Ljava/util/HashMap$Node; @ 126
Event: 1.438 Thread 0x00000000012f0800 Uncommon trap: reason=bimorphic action=maybe_recompile pc=0x000000000368b604 method=java.util.HashMap.getNode(ILjava/lang/Object;)Ljava/util/HashMap$Node; @ 126
Event: 1.479 Thread 0x00000000012f0800 Uncommon trap: reason=null_check action=make_not_entrant pc=0x000000000372f5a8 method=com.android.dx.rop.type.Type.equals(Ljava/lang/Object;)Z @ 8
Event: 1.559 Thread 0x00000000012f0800 Uncommon trap: reason=unstable_if action=reinterpret pc=0x0000000003777d2c method=com.android.dx.rop.code.LocalItem.hashCode()I @ 25
Event: 1.559 Thread 0x00000000012f0800 Uncommon trap: reason=unstable_if action=reinterpret pc=0x0000000003764d4c method=com.android.dx.rop.code.LocalItem.hashCode()I @ 25
Event: 1.562 Thread 0x00000000012f0800 Uncommon trap: reason=unstable_if action=reinterpret pc=0x00000000036c73d4 method=com.android.dx.rop.code.LocalItem.hashCode()I @ 25
Event: 1.577 Thread 0x00000000012f0800 Uncommon trap: reason=bimorphic action=maybe_recompile pc=0x0000000003a2c014 method=com.android.dx.cf.code.BytecodeArray.parseInstruction(ILcom/android/dx/cf/code/BytecodeArray$Visitor;)I @ 923
Event: 1.577 Thread 0x00000000012f0800 Uncommon trap: reason=bimorphic action=maybe_recompile pc=0x0000000003a2bf90 method=com.android.dx.cf.code.BytecodeArray.parseInstruction(ILcom/android/dx/cf/code/BytecodeArray$Visitor;)I @ 907
Event: 1.577 Thread 0x00000000012f0800 Uncommon trap: reason=bimorphic action=maybe_recompile pc=0x0000000003a2c704 method=com.android.dx.cf.code.BytecodeArray.parseInstruction(ILcom/android/dx/cf/code/BytecodeArray$Visitor;)I @ 1287
Event: 1.577 Thread 0x00000000012f0800 Uncommon trap: reason=bimorphic action=maybe_recompile pc=0x0000000003a2c014 method=com.android.dx.cf.code.BytecodeArray.parseInstruction(ILcom/android/dx/cf/code/BytecodeArray$Visitor;)I @ 923

Internal exceptions (4 events):
Event: 0.303 Thread 0x00000000012f0800 Exception <a 'java/lang/NoSuchMethodError': Method sun.misc.Unsafe.defineClass(Ljava/lang/String;[BII)Ljava/lang/Class; name or signature does not match> (0x00000000eab07cc0) thrown at [C:\src\android\AOSP-openjdk\external\jetbrains\jdk\hotspot\src\share\v@=(ïèh”?
Event: 0.303 Thread 0x00000000012f0800 Exception <a 'java/lang/NoSuchMethodError': Method sun.misc.Unsafe.prefetchRead(Ljava/lang/Object;J)V name or signature does not match> (0x00000000eab07fa8) thrown at [C:\src\android\AOSP-openjdk\external\jetbrains\jdk\hotspot\src\share\vm\prims\jni.cpp, lˇOä"LoÛ?
Event: 1.215 Thread 0x00000000012f0800 Implicit null exception at 0x0000000003752d7b to 0x0000000003754d15
Event: 1.479 Thread 0x00000000012f0800 Implicit null exception at 0x000000000372f4a2 to 0x000000000372f59a

Events (10 events):
Event: 1.577 Thread 0x00000000012f0800 DEOPT PACKING pc=0x0000000003a2bf90 sp=0x00000000012ee800
Event: 1.577 Thread 0x00000000012f0800 DEOPT UNPACKING pc=0x000000000344556a sp=0x00000000012ee788 mode 2
Event: 1.577 Thread 0x00000000012f0800 Uncommon trap: trap_request=0xffffffc6 fr.pc=0x0000000003a2c704
Event: 1.577 Thread 0x00000000012f0800 DEOPT PACKING pc=0x0000000003a2c704 sp=0x00000000012ee800
Event: 1.577 Thread 0x00000000012f0800 DEOPT UNPACKING pc=0x000000000344556a sp=0x00000000012ee788 mode 2
Event: 1.577 Thread 0x00000000012f0800 Uncommon trap: trap_request=0xffffffc6 fr.pc=0x0000000003a2c014
Event: 1.577 Thread 0x00000000012f0800 DEOPT PACKING pc=0x0000000003a2c014 sp=0x00000000012ee5b0
Event: 1.577 Thread 0x00000000012f0800 DEOPT UNPACKING pc=0x000000000344556a sp=0x00000000012ee538 mode 2
Event: 1.785 Executing VM operation: ParallelGCFailedAllocation
Event: 1.798 Executing VM operation: ParallelGCFailedAllocation done


Dynamic libraries:
0x00007ff6143b0000 - 0x00007ff6143e1000 	C:\Program Files\Android\Android Studio\jre\bin\java.exe
0x00007ff85c250000 - 0x00007ff85c421000 	C:\WINDOWS\SYSTEM32\ntdll.dll
0x00007ff859950000 - 0x00007ff8599fb000 	C:\WINDOWS\System32\KERNEL32.DLL
0x00007ff858d70000 - 0x00007ff858f8d000 	C:\WINDOWS\System32\KERNELBASE.dll
0x00007ff85b8f0000 - 0x00007ff85b992000 	C:\WINDOWS\System32\ADVAPI32.dll
0x00007ff85be10000 - 0x00007ff85beae000 	C:\WINDOWS\System32\msvcrt.dll
0x00007ff85a130000 - 0x00007ff85a189000 	C:\WINDOWS\System32\sechost.dll
0x00007ff85c120000 - 0x00007ff85c241000 	C:\WINDOWS\System32\RPCRT4.dll
0x00007ff8597e0000 - 0x00007ff859945000 	C:\WINDOWS\System32\USER32.dll
0x00007ff858a10000 - 0x00007ff858a2e000 	C:\WINDOWS\System32\win32u.dll
0x00007ff85b9a0000 - 0x00007ff85b9d4000 	C:\WINDOWS\System32\GDI32.dll
0x00007ff858a30000 - 0x00007ff858bb2000 	C:\WINDOWS\System32\gdi32full.dll
0x00007ff84faa0000 - 0x00007ff84fd19000 	C:\WINDOWS\WinSxS\amd64_microsoft.windows.common-controls_6595b64144ccf1df_6.0.14393.0_none_2d0f50fcbdb171b8\COMCTL32.dll
0x00007ff859ba0000 - 0x00007ff859e67000 	C:\WINDOWS\System32\combase.dll
0x00007ff858c70000 - 0x00007ff858d65000 	C:\WINDOWS\System32\ucrtbase.dll
0x00007ff859670000 - 0x00007ff8596da000 	C:\WINDOWS\System32\bcryptPrimitives.dll
0x00007ff85a0a0000 - 0x00007ff85a0ce000 	C:\WINDOWS\System32\IMM32.DLL
0x0000000055d90000 - 0x0000000055e62000 	C:\Program Files\Android\Android Studio\jre\jre\bin\msvcr100.dll
0x00000000550c0000 - 0x00000000558f4000 	C:\Program Files\Android\Android Studio\jre\jre\bin\server\jvm.dll
0x00007ff85a300000 - 0x00007ff85a308000 	C:\WINDOWS\System32\PSAPI.DLL
0x00007ff853660000 - 0x00007ff853669000 	C:\WINDOWS\SYSTEM32\WSOCK32.dll
0x00007ff85b820000 - 0x00007ff85b88a000 	C:\WINDOWS\System32\WS2_32.dll
0x00007ff8568b0000 - 0x00007ff8568d3000 	C:\WINDOWS\SYSTEM32\WINMM.dll
0x00007ff8530f0000 - 0x00007ff8530fa000 	C:\WINDOWS\SYSTEM32\VERSION.dll
0x00007ff856880000 - 0x00007ff8568ab000 	C:\WINDOWS\SYSTEM32\WINMMBASE.dll
0x00007ff858740000 - 0x00007ff858782000 	C:\WINDOWS\System32\cfgmgr32.dll
0x00007ff8544a0000 - 0x00007ff8544af000 	C:\Program Files\Android\Android Studio\jre\jre\bin\verify.dll
0x00007ff850b50000 - 0x00007ff850b79000 	C:\Program Files\Android\Android Studio\jre\jre\bin\java.dll
0x00007ff850c20000 - 0x00007ff850c36000 	C:\Program Files\Android\Android Studio\jre\jre\bin\zip.dll
0x00007ff85a310000 - 0x00007ff85b818000 	C:\WINDOWS\System32\SHELL32.dll
0x00007ff858f90000 - 0x00007ff85966a000 	C:\WINDOWS\System32\windows.storage.dll
0x00007ff8586e0000 - 0x00007ff85872c000 	C:\WINDOWS\System32\powrprof.dll
0x00007ff859a00000 - 0x00007ff859a52000 	C:\WINDOWS\System32\shlwapi.dll
0x00007ff8586b0000 - 0x00007ff8586bf000 	C:\WINDOWS\System32\kernel.appcore.dll
0x00007ff858bc0000 - 0x00007ff858c69000 	C:\WINDOWS\System32\shcore.dll
0x00007ff8586c0000 - 0x00007ff8586d4000 	C:\WINDOWS\System32\profapi.dll

VM Arguments:
jvm_args: -Djava.awt.headless=true -Xmx1024M -Dfile.encoding=windows-1250 -Duser.country=PL -Duser.language=pl -Duser.variant 
java_command: com.android.dx.command.Main --dex --force-jumbo --multi-dex --output D:\android_project\SocialFoodApp\app\build\intermediates\transforms\dex\debug\folders\1000\10\com.android.support-support-v4-22.1.0_130fb5ee2988a7bc5726ae79de51ac4183476484 D:\android_project\SocialFoodApp\app\build\intermediates\exploded-aar\com.android.support\support-v4\22.1.0\jars\classes.jar
java_class_path (initial): C:\Users\Hackathon\AppData\Local\Android\sdk\build-tools\21.1.2\lib\dx.jar
Launcher Type: SUN_STANDARD

Environment Variables:
PATH=C:\Program Files\Teradata\Client\15.00\bin;C:\Program Files (x86)\Teradata\Client\15.00\bin;C:\Program Files\Teradata\Client\15.00\bin\;C:\Program Files (x86)\Teradata\Client\15.00\bin\;C:\ProgramData\Oracle\Java\javapath;C:\WINDOWS\system32;C:\WINDOWS;C:\WINDOWS\System32\Wbem;C:\WINDOWS\System32\WindowsPowerShell\v1.0\;C:\Program Files\Common Files\Autodesk Shared\;C:\Program Files (x86)\Autodesk\Backburner\;C:\Program Files (x86)\NVIDIA Corporation\PhysX\Common;C:\Users\Hackathon\AppData\Local\Microsoft\WindowsApps;
USERNAME=Hackathon
OS=Windows_NT
PROCESSOR_IDENTIFIER=Intel64 Family 6 Model 60 Stepping 3, GenuineIntel



---------------  S Y S T E M  ---------------

OS: Windows 10.0 , 64 bit Build 14393 (10.0.14393.0)

CPU:total 8 (4 cores per cpu, 2 threads per core) family 6 model 60 stepping 3, cmov, cx8, fxsr, mmx, sse, sse2, sse3, ssse3, sse4.1, sse4.2, popcnt, avx, avx2, aes, clmul, erms, lzcnt, ht, tsc, tscinvbit, bmi1, bmi2

Memory: 4k page, physical 12463188k(2644396k free), swap 18349788k(4556k free)

vm_info: OpenJDK 64-Bit Server VM (25.76-b03) for windows-amd64 JRE (1.8.0_76-release-b03), built on Jun 29 2016 19:09:20 by "ralucas" with MS VC++ 10.0 (VS2010)

time: Sun Sep 25 09:09:17 2016
elapsed time: 1 seconds (0d 0h 0m 1s)

