#
# There is insufficient memory for the Java Runtime Environment to continue.
# Native memory allocation (malloc) failed to allocate 430928 bytes for Chunk::new
# Possible reasons:
#   The system is out of physical RAM or swap space
#   In 32 bit mode, the process size limit was hit
# Possible solutions:
#   Reduce memory load on the system
#   Increase physical memory or swap space
#   Check if swap backing store is full
#   Use 64 bit Java on a 64 bit OS
#   Decrease Java heap size (-Xmx/-Xms)
#   Decrease number of Java threads
#   Decrease Java thread stack sizes (-Xss)
#   Set larger code cache with -XX:ReservedCodeCacheSize=
# This output file may be truncated or incomplete.
#
#  Out of Memory Error (allocation.cpp:390), pid=900, tid=0x0000000000002f28
#
# JRE version: OpenJDK Runtime Environment (8.0_76-b03) (build 1.8.0_76-release-b03)
# Java VM: OpenJDK 64-Bit Server VM (25.76-b03 mixed mode windows-amd64 compressed oops)
# Failed to write core dump. Minidumps are not enabled by default on client versions of Windows
#

---------------  T H R E A D  ---------------

Current thread (0x000000001785e800):  JavaThread "C2 CompilerThread0" daemon [_thread_in_native, id=12072, stack(0x0000000018030000,0x0000000018130000)]

Stack: [0x0000000018030000,0x0000000018130000]
[error occurred during error reporting (printing stack bounds), id 0xc0000005]

Native frames: (J=compiled Java code, j=interpreted, Vv=VM code, C=native code)


Current CompileTask:
C2:   2177 1280   !   4       com.android.dx.cf.code.BytecodeArray::parseInstruction (2764 bytes)


---------------  P R O C E S S  ---------------

Java Threads: ( => current thread )
  0x00000000178c3000 JavaThread "Service Thread" daemon [_thread_blocked, id=6196, stack(0x0000000018430000,0x0000000018530000)]
  0x00000000178bb800 JavaThread "C1 CompilerThread3" daemon [_thread_blocked, id=17288, stack(0x0000000018330000,0x0000000018430000)]
  0x000000001595e000 JavaThread "C2 CompilerThread2" daemon [_thread_in_native, id=11492, stack(0x0000000018230000,0x0000000018330000)]
  0x0000000015959000 JavaThread "C2 CompilerThread1" daemon [_thread_in_native, id=15444, stack(0x0000000018130000,0x0000000018230000)]
=>0x000000001785e800 JavaThread "C2 CompilerThread0" daemon [_thread_in_native, id=12072, stack(0x0000000018030000,0x0000000018130000)]
  0x0000000017866800 JavaThread "Attach Listener" daemon [_thread_blocked, id=6280, stack(0x0000000017f30000,0x0000000018030000)]
  0x0000000017865800 JavaThread "Signal Dispatcher" daemon [_thread_blocked, id=12844, stack(0x0000000017e30000,0x0000000017f30000)]
  0x000000000194e000 JavaThread "Finalizer" daemon [_thread_blocked, id=17136, stack(0x0000000017c30000,0x0000000017d30000)]
  0x000000001594b000 JavaThread "Reference Handler" daemon [_thread_blocked, id=12680, stack(0x0000000017730000,0x0000000017830000)]
  0x0000000001850800 JavaThread "main" [_thread_in_vm, id=12068, stack(0x00000000016f0000,0x00000000017f0000)]

Other Threads:
  0x0000000015945800 VMThread [stack: 0x0000000017630000,0x0000000017730000] [id=16964]
  0x00000000178c3800 WatcherThread [stack: 0x0000000018530000,0x0000000018630000] [id=16516]

VM state:not at safepoint (normal execution)

VM Mutex/Monitor currently owned by a thread: None

Heap:
 PSYoungGen      total 57344K, used 30481K [0x00000000eab00000, 0x00000000eeb00000, 0x0000000100000000)
  eden space 49152K, 62% used [0x00000000eab00000,0x00000000ec8c4478,0x00000000edb00000)
  from space 8192K, 0% used [0x00000000ee300000,0x00000000ee300000,0x00000000eeb00000)
  to   space 8192K, 0% used [0x00000000edb00000,0x00000000edb00000,0x00000000ee300000)
 ParOldGen       total 131072K, used 0K [0x00000000c0000000, 0x00000000c8000000, 0x00000000eab00000)
  object space 131072K, 0% used [0x00000000c0000000,0x00000000c0000000,0x00000000c8000000)
 Metaspace       used 5733K, capacity 7024K, committed 7296K, reserved 1056768K
  class space    used 542K, capacity 616K, committed 640K, reserved 1048576K

Card table byte_map: [0x0000000001d10000,0x0000000001f20000] byte_map_base: 0x0000000001710000

Marking Bits: (ParMarkBitMap*) 0x0000000055879d00
 Begin Bits: [0x0000000012d60000, 0x0000000013d60000)
 End Bits:   [0x0000000013d60000, 0x0000000014d60000)

Polling page: 0x00000000016a0000

CodeCache: size=245760Kb used=5495Kb max_used=5506Kb free=240264Kb
 bounds [0x0000000003400000, 0x0000000003970000, 0x0000000012400000]
 total_blobs=1549 nmethods=1285 adapters=178
 compilation: enabled

Compilation events (10 events):
Event: 2.137 Thread 0x00000000178bb800 nmethod 1283 0x000000000395cbd0 code [0x000000000395cd40, 0x000000000395d0f0]
Event: 2.142 Thread 0x00000000178bb800 1285       3       sun.util.calendar.CalendarDate::setNormalized (6 bytes)
Event: 2.142 Thread 0x00000000178bb800 nmethod 1285 0x0000000003928250 code [0x00000000039283a0, 0x00000000039284f0]
Event: 2.142 Thread 0x00000000178bb800 1286       3       com.android.dx.rop.type.Type::isReference (15 bytes)
Event: 2.143 Thread 0x00000000178bb800 nmethod 1286 0x000000000395c850 code [0x000000000395c9a0, 0x000000000395cb50]
Event: 2.155 Thread 0x0000000015959000 nmethod 1278 0x0000000003963710 code [0x00000000039638c0, 0x0000000003964818]
Event: 2.155 Thread 0x0000000015959000 1284       4       java.util.HashSet::<init> (16 bytes)
Event: 2.156 Thread 0x0000000015959000 nmethod 1284 0x000000000395c550 code [0x000000000395c6a0, 0x000000000395c798]
Event: 2.156 Thread 0x0000000015959000 1281       4       com.android.dx.ssa.MoveParamCombiner$1::visitNonMoveInsn (213 bytes)
Event: 2.158 Thread 0x0000000015959000 nmethod 1281 0x0000000003960350 code [0x00000000039604a0, 0x0000000003960638]

GC Heap History (0 events):
No events

Deoptimization events (9 events):
Event: 0.452 Thread 0x0000000001850800 Uncommon trap: reason=unstable_if action=reinterpret pc=0x00000000035ff304 method=java.util.HashMap.getNode(ILjava/lang/Object;)Ljava/util/HashMap$Node; @ 62
Event: 0.457 Thread 0x0000000001850800 Uncommon trap: reason=unstable_if action=reinterpret pc=0x000000000360d1b0 method=java.util.BitSet.nextSetBit(I)I @ 87
Event: 0.661 Thread 0x0000000001850800 Uncommon trap: reason=unstable_if action=reinterpret pc=0x0000000003664148 method=java.util.HashMap.getNode(ILjava/lang/Object;)Ljava/util/HashMap$Node; @ 129
Event: 1.213 Thread 0x0000000001850800 Uncommon trap: reason=unstable_if action=reinterpret pc=0x0000000003741f78 method=com.android.dx.rop.code.LocalItem.hashCode()I @ 25
Event: 1.213 Thread 0x0000000001850800 Uncommon trap: reason=unstable_if action=reinterpret pc=0x00000000036f225c method=com.android.dx.rop.code.LocalItem.hashCode()I @ 25
Event: 1.268 Thread 0x0000000001850800 Uncommon trap: reason=unstable_if action=reinterpret pc=0x000000000367e7b4 method=java.util.BitSet.ensureCapacity(I)V @ 6
Event: 1.542 Thread 0x0000000001850800 Uncommon trap: reason=unstable_if action=reinterpret pc=0x00000000037f9190 method=java.lang.String.<init>([CII)V @ 18
Event: 1.601 Thread 0x0000000001850800 Uncommon trap: reason=unstable_if action=reinterpret pc=0x00000000036d7ee8 method=java.lang.String.<init>([CII)V @ 18
Event: 1.877 Thread 0x0000000001850800 Uncommon trap: reason=unstable_if action=reinterpret pc=0x00000000038736c0 method=com.android.dx.ssa.SsaRenamer$BlockRenamer.addMapping(ILcom/android/dx/rop/code/RegisterSpec;)V @ 120

Internal exceptions (2 events):
Event: 0.032 Thread 0x0000000001850800 Exception <a 'java/lang/NoSuchMethodError': Method sun.misc.Unsafe.defineClass(Ljava/lang/String;[BII)Ljava/lang/Class; name or signature does not match> (0x00000000eab07cc0) thrown at [C:\src\android\AOSP-openjdk\external\jetbrains\jdk\hotspot\src\share\vŸO$õª£ ?
Event: 0.032 Thread 0x0000000001850800 Exception <a 'java/lang/NoSuchMethodError': Method sun.misc.Unsafe.prefetchRead(Ljava/lang/Object;J)V name or signature does not match> (0x00000000eab07fa8) thrown at [C:\src\android\AOSP-openjdk\external\jetbrains\jdk\hotspot\src\share\vm\prims\jni.cpp, l

Events (10 events):
Event: 1.601 Thread 0x0000000001850800 Uncommon trap: trap_request=0xffffff65 fr.pc=0x00000000036d7ee8
Event: 1.601 Thread 0x0000000001850800 DEOPT PACKING pc=0x00000000036d7ee8 sp=0x00000000017eea00
Event: 1.601 Thread 0x0000000001850800 DEOPT UNPACKING pc=0x000000000344556a sp=0x00000000017ee9c8 mode 2
Event: 1.601 loading class com/android/dx/cf/attrib/AttEnclosingMethod
Event: 1.601 loading class com/android/dx/cf/attrib/AttEnclosingMethod done
Event: 1.618 loading class com/android/dx/dex/file/FieldAnnotationStruct
Event: 1.618 loading class com/android/dx/dex/file/FieldAnnotationStruct done
Event: 1.877 Thread 0x0000000001850800 Uncommon trap: trap_request=0xffffff65 fr.pc=0x00000000038736c0
Event: 1.877 Thread 0x0000000001850800 DEOPT PACKING pc=0x00000000038736c0 sp=0x00000000017ee870
Event: 1.877 Thread 0x0000000001850800 DEOPT UNPACKING pc=0x000000000344556a sp=0x00000000017ee800 mode 2


Dynamic libraries:
0x00007ff6143b0000 - 0x00007ff6143e1000 	C:\Program Files\Android\Android Studio\jre\bin\java.exe
0x00007ff85c250000 - 0x00007ff85c421000 	C:\WINDOWS\SYSTEM32\ntdll.dll
0x00007ff859950000 - 0x00007ff8599fb000 	C:\WINDOWS\System32\KERNEL32.DLL
0x00007ff858d70000 - 0x00007ff858f8d000 	C:\WINDOWS\System32\KERNELBASE.dll
0x00007ff85b8f0000 - 0x00007ff85b992000 	C:\WINDOWS\System32\ADVAPI32.dll
0x00007ff85be10000 - 0x00007ff85beae000 	C:\WINDOWS\System32\msvcrt.dll
0x00007ff85a130000 - 0x00007ff85a189000 	C:\WINDOWS\System32\sechost.dll
0x00007ff85c120000 - 0x00007ff85c241000 	C:\WINDOWS\System32\RPCRT4.dll
0x00007ff8597e0000 - 0x00007ff859945000 	C:\WINDOWS\System32\USER32.dll
0x00007ff858a10000 - 0x00007ff858a2e000 	C:\WINDOWS\System32\win32u.dll
0x00007ff85b9a0000 - 0x00007ff85b9d4000 	C:\WINDOWS\System32\GDI32.dll
0x00007ff858a30000 - 0x00007ff858bb2000 	C:\WINDOWS\System32\gdi32full.dll
0x00007ff84faa0000 - 0x00007ff84fd19000 	C:\WINDOWS\WinSxS\amd64_microsoft.windows.common-controls_6595b64144ccf1df_6.0.14393.0_none_2d0f50fcbdb171b8\COMCTL32.dll
0x00007ff859ba0000 - 0x00007ff859e67000 	C:\WINDOWS\System32\combase.dll
0x00007ff858c70000 - 0x00007ff858d65000 	C:\WINDOWS\System32\ucrtbase.dll
0x00007ff859670000 - 0x00007ff8596da000 	C:\WINDOWS\System32\bcryptPrimitives.dll
0x00007ff85a0a0000 - 0x00007ff85a0ce000 	C:\WINDOWS\System32\IMM32.DLL
0x0000000055d90000 - 0x0000000055e62000 	C:\Program Files\Android\Android Studio\jre\jre\bin\msvcr100.dll
0x00000000550c0000 - 0x00000000558f4000 	C:\Program Files\Android\Android Studio\jre\jre\bin\server\jvm.dll
0x00007ff85a300000 - 0x00007ff85a308000 	C:\WINDOWS\System32\PSAPI.DLL
0x00007ff8568b0000 - 0x00007ff8568d3000 	C:\WINDOWS\SYSTEM32\WINMM.dll
0x00007ff853660000 - 0x00007ff853669000 	C:\WINDOWS\SYSTEM32\WSOCK32.dll
0x00007ff8530f0000 - 0x00007ff8530fa000 	C:\WINDOWS\SYSTEM32\VERSION.dll
0x00007ff856880000 - 0x00007ff8568ab000 	C:\WINDOWS\SYSTEM32\WINMMBASE.dll
0x00007ff85b820000 - 0x00007ff85b88a000 	C:\WINDOWS\System32\WS2_32.dll
0x00007ff858740000 - 0x00007ff858782000 	C:\WINDOWS\System32\cfgmgr32.dll
0x00007ff8544a0000 - 0x00007ff8544af000 	C:\Program Files\Android\Android Studio\jre\jre\bin\verify.dll
0x00007ff850b50000 - 0x00007ff850b79000 	C:\Program Files\Android\Android Studio\jre\jre\bin\java.dll
0x00007ff850c20000 - 0x00007ff850c36000 	C:\Program Files\Android\Android Studio\jre\jre\bin\zip.dll
0x00007ff85a310000 - 0x00007ff85b818000 	C:\WINDOWS\System32\SHELL32.dll
0x00007ff858f90000 - 0x00007ff85966a000 	C:\WINDOWS\System32\windows.storage.dll
0x00007ff8586e0000 - 0x00007ff85872c000 	C:\WINDOWS\System32\powrprof.dll
0x00007ff859a00000 - 0x00007ff859a52000 	C:\WINDOWS\System32\shlwapi.dll
0x00007ff8586b0000 - 0x00007ff8586bf000 	C:\WINDOWS\System32\kernel.appcore.dll
0x00007ff858bc0000 - 0x00007ff858c69000 	C:\WINDOWS\System32\shcore.dll
0x00007ff8586c0000 - 0x00007ff8586d4000 	C:\WINDOWS\System32\profapi.dll

VM Arguments:
jvm_args: -Djava.awt.headless=true -Xmx1024M -Dfile.encoding=windows-1250 -Duser.country=PL -Duser.language=pl -Duser.variant 
java_command: com.android.dx.command.Main --dex --output D:\android_project\SocialFoodApp\app\build\intermediates\pre-dexed\debug\internal_impl-22.1.0_63cf172261714dfb7c210f9afd100c93cc9bfe82.jar D:\android_project\SocialFoodApp\app\build\intermediates\exploded-aar\com.android.support\support-v4\22.1.0\jars\libs\internal_impl-22.1.0.jar
java_class_path (initial): C:\Users\Hackathon\AppData\Local\Android\sdk\build-tools\21.1.2\lib\dx.jar
Launcher Type: SUN_STANDARD

Environment Variables:
PATH=C:\Program Files\Teradata\Client\15.00\bin;C:\Program Files (x86)\Teradata\Client\15.00\bin;C:\Program Files\Teradata\Client\15.00\bin\;C:\Program Files (x86)\Teradata\Client\15.00\bin\;C:\ProgramData\Oracle\Java\javapath;C:\WINDOWS\system32;C:\WINDOWS;C:\WINDOWS\System32\Wbem;C:\WINDOWS\System32\WindowsPowerShell\v1.0\;C:\Program Files\Common Files\Autodesk Shared\;C:\Program Files (x86)\Autodesk\Backburner\;C:\Program Files (x86)\NVIDIA Corporation\PhysX\Common;C:\Users\Hackathon\AppData\Local\Microsoft\WindowsApps;
USERNAME=Hackathon
OS=Windows_NT
PROCESSOR_IDENTIFIER=Intel64 Family 6 Model 60 Stepping 3, GenuineIntel



---------------  S Y S T E M  ---------------

OS: Windows 10.0 , 64 bit Build 14393 (10.0.14393.0)

CPU:total 8 (4 cores per cpu, 2 threads per core) family 6 model 60 stepping 3, cmov, cx8, fxsr, mmx, sse, sse2, sse3, ssse3, sse4.1, sse4.2, popcnt, avx, avx2, aes, clmul, erms, lzcnt, ht, tsc, tscinvbit, bmi1, bmi2

Memory: 4k page, physical 12463188k(2463788k free), swap 18349788k(5176k free)

vm_info: OpenJDK 64-Bit Server VM (25.76-b03) for windows-amd64 JRE (1.8.0_76-release-b03), built on Jun 29 2016 19:09:20 by "ralucas" with MS VC++ 10.0 (VS2010)

time: Sun Sep 25 09:04:43 2016
elapsed time: 2 seconds (0d 0h 0m 2s)

